<?xml version="1.0" encoding="UTF-8"?>
<!-- Generated by org.testng.reporters.JUnitXMLReporter -->
<testsuite hostname="INFARSZB52242" name="Test" tests="4" failures="0" timestamp="24 Aug 2016 05:15:25 GMT" time="9.329" errors="0">
  <testcase name="verifyEmailInputTest" time="6.052" classname="com.testproject.SampleSauceTextInputTest"/>
  <testcase name="verifyEmailInputTest" time="6.973" classname="com.testproject.SampleSauceTextInputTest"/>
  <testcase name="verifyCommentInputTest" time="7.035" classname="com.testproject.SampleSauceTextInputTest"/>
  <testcase name="verifyCommentInputTest" time="8.502" classname="com.testproject.SampleSauceTextInputTest"/>
</testsuite> <!-- Test -->
